<?xml version="1.0" encoding="UTF-8"?>
<!-- Generated by org.testng.reporters.JUnitReportReporter -->
<testsuite skipped="0" hostname="LAPTOP-1LH1AG8K" name="demo.TestDemo" tests="1" failures="0" timestamp="27 Aug 2019 08:32:33 GMT" time="88.851" errors="0">
  <testcase name="demo" time="88.851" classname="demo.TestDemo"/>
</testsuite> <!-- demo.TestDemo -->
